2025-03-12 02:08:47,226 - DEBUG - Loading Gnome
2025-03-12 02:08:47,235 - DEBUG - Loading Google
2025-03-12 02:08:47,242 - DEBUG - Loading Windows (alt)
2025-03-12 02:08:47,247 - DEBUG - Loading file
2025-03-12 02:08:47,248 - DEBUG - Loading keyczar
2025-03-12 02:08:47,248 - DEBUG - Loading multi
2025-03-12 02:08:47,248 - DEBUG - Loading KWallet
2025-03-12 02:08:47,254 - DEBUG - Loading SecretService
2025-03-12 02:08:47,264 - DEBUG - Loading Windows
2025-03-12 02:08:47,264 - DEBUG - Loading chainer
2025-03-12 02:08:47,265 - DEBUG - Loading libsecret
2025-03-12 02:08:47,290 - DEBUG - Loading macOS
2025-03-12 02:08:51,864 - INFO - 
      .-.
    .'   `.
   :0 0  :
   : o    `.
  :         ``.
 :             `.
:  :         .   `.
:   :          ` . `.
 `.. :            `. ``;
    `:;             `:'
       :              `.
        `.              `.     
          `'`'`'`---..,____`.
          
[94mGhost Framework[0m - [93mRemote ADB Control Tool[0m
    Coded by [91mLIONMAD[0m

2025-03-12 02:08:55,799 - DEBUG - Command executed: adb devices
2025-03-12 02:08:56,367 - INFO - 
      .-.
    .'   `.
   :0 0  :
   : o    `.
  :         ``.
 :             `.
:  :         .   `.
:   :          ` . `.
 `.. :            `. ``;
    `:;             `:'
       :              `.
        `.              `.     
          `'`'`'`---..,____`.
          
[94mGhost Framework[0m - [93mRemote ADB Control Tool[0m
    Coded by [91mLIONMAD[0m

2025-03-12 02:08:58,165 - INFO - Exiting Ghost Framework. Goodbye!
